#
# There is insufficient memory for the Java Runtime Environment to continue.
# Native memory allocation (mmap) failed to map 67108864 bytes for G1 virtual space
# Possible reasons:
#   The system is out of physical RAM or swap space
#   The process is running with CompressedOops enabled, and the Java Heap may be blocking the growth of the native heap
# Possible solutions:
#   Reduce memory load on the system
#   Increase physical memory or swap space
#   Check if swap backing store is full
#   Decrease Java heap size (-Xmx/-Xms)
#   Decrease number of Java threads
#   Decrease Java thread stack sizes (-Xss)
#   Set larger code cache with -XX:ReservedCodeCacheSize=
#   JVM is running with Unscaled Compressed Oops mode in which the Java heap is
#     placed in the first 4GB address space. The Java Heap base address is the
#     maximum limit for the native heap growth. Please use -XX:HeapBaseMinAddress
#     to set the Java Heap base and to place the Java Heap above 4GB virtual address.
# This output file may be truncated or incomplete.
#
#  Out of Memory Error (os_windows.cpp:3528), pid=20760, tid=21420
#
# JRE version:  (20.0.2+9) (build )
# Java VM: Java HotSpot(TM) 64-Bit Server VM (20.0.2+9-78, mixed mode, sharing, tiered, compressed oops, compressed class ptrs, g1 gc, windows-amd64)
# No core dump will be written. Minidumps are not enabled by default on client versions of Windows
#

---------------  S U M M A R Y ------------

Command Line: -Dfile.encoding=UTF-8 -Dstdout.encoding=UTF-8 -Dstderr.encoding=UTF-8 -XX:+ShowCodeDetailsInExceptionMessages quiz.application.Login

Host: Intel(R) Core(TM) i5-7200U CPU @ 2.50GHz, 4 cores, 3G,  Windows 10 , 64 bit Build 19041 (10.0.19041.3636)
Time: Sun May 12 10:02:59 2024 India Standard Time elapsed time: 4.143454 seconds (0d 0h 0m 4s)

---------------  T H R E A D  ---------------

Current thread (0x000002ae0c4bf370):  JavaThread "Unknown thread" [_thread_in_vm, id=21420, stack(0x000000ccb7d00000,0x000000ccb7e00000)]

Stack: [0x000000ccb7d00000,0x000000ccb7e00000]
Native frames: (J=compiled Java code, j=interpreted, Vv=VM code, C=native code)
V  [jvm.dll+0x6bc25a]
V  [jvm.dll+0x84971a]
V  [jvm.dll+0x84b315]
V  [jvm.dll+0x84ba13]
V  [jvm.dll+0x280e4f]
V  [jvm.dll+0x6b8fe9]
V  [jvm.dll+0x6adbca]
V  [jvm.dll+0x35b165]
V  [jvm.dll+0x363386]
V  [jvm.dll+0x3b400e]
V  [jvm.dll+0x3b4295]
V  [jvm.dll+0x32b86a]
V  [jvm.dll+0x32c68b]
V  [jvm.dll+0x8123df]
V  [jvm.dll+0x3c1261]
V  [jvm.dll+0x7fe103]
V  [jvm.dll+0x44ccaf]
V  [jvm.dll+0x44e621]
C  [jli.dll+0x5287]
C  [ucrtbase.dll+0x21bb2]
C  [KERNEL32.DLL+0x17344]
C  [ntdll.dll+0x526b1]


---------------  P R O C E S S  ---------------

Threads class SMR info:
_java_thread_list=0x00007ffbabe7b118, length=0, elements={
}

Java Threads: ( => current thread )

Other Threads:
  0x000002ae0c500bd0 WorkerThread "GC Thread#0" [stack: 0x000000ccb7e00000,0x000000ccb7f00000] [id=5836]
  0x000002ae0c50d100 ConcurrentGCThread "G1 Main Marker" [stack: 0x000000ccb7f00000,0x000000ccb8000000] [id=20056]
  0x000002ae0c50da40 WorkerThread "G1 Conc#0" [stack: 0x000000ccb8000000,0x000000ccb8100000] [id=19108]

[error occurred during error reporting (printing all threads), id 0xc0000005, EXCEPTION_ACCESS_VIOLATION (0xc0000005) at pc=0x00007ffbab65eea7]
VM state: not at safepoint (not fully initialized)

VM Mutex/Monitor currently owned by a thread:  ([mutex/lock_event])
[0x000002ae0c4bb290] Heap_lock - owner thread: 0x000002ae0c4bf370

Heap address: 0x00000000c1400000, size: 1004 MB, Compressed Oops mode: 32-bit

CDS archive(s) mapped at: [0x0000000000000000-0x0000000000000000-0x0000000000000000), size 0, SharedBaseAddress: 0x0000000800000000, ArchiveRelocationMode: 1.
Narrow klass base: 0x0000000000000000, Narrow klass shift: 0, Narrow klass range: 0x0

GC Precious Log:
 CardTable entry size: 512
 Card Set container configuration: InlinePtr #cards 5 size 8 Array Of Cards #cards 12 size 40 Howl #buckets 4 coarsen threshold 1843 Howl Bitmap #cards 512 size 80 coarsen threshold 460 Card regions per heap region 1 cards per card region 2048

Heap:
 garbage-first heap   total 0K, used 0K [0x00000000c1400000, 0x0000000100000000)
  region size 1024K, 0 young (0K), 0 survivors (0K)

[error occurred during error reporting (printing heap information), id 0xc0000005, EXCEPTION_ACCESS_VIOLATION (0xc0000005) at pc=0x00007ffbaba347b9]
GC Heap History (0 events):
No events

Dll operation events (1 events):
Event: 1.562 Loaded shared library C:\Program Files\Java\jdk-20\bin\java.dll

Deoptimization events (0 events):
No events

Classes loaded (0 events):
No events

Classes unloaded (0 events):
No events

Classes redefined (0 events):
No events

Internal exceptions (0 events):
No events

VM Operations (0 events):
No events

Events (0 events):
No events


Dynamic libraries:
0x00007ff626250000 - 0x00007ff626260000 	C:\Program Files\Java\jdk-20\bin\javaw.exe
0x00007ffbe1ab0000 - 0x00007ffbe1ca8000 	C:\Windows\SYSTEM32\ntdll.dll
0x00007ffbdfb50000 - 0x00007ffbdfc0d000 	C:\Windows\System32\KERNEL32.DLL
0x00007ffbdf2a0000 - 0x00007ffbdf596000 	C:\Windows\System32\KERNELBASE.dll
0x00007ffbdf9e0000 - 0x00007ffbdfae0000 	C:\Windows\System32\ucrtbase.dll
0x00007ffbcd8a0000 - 0x00007ffbcd8b9000 	C:\Program Files\Java\jdk-20\bin\jli.dll
0x00007ffbce900000 - 0x00007ffbce91b000 	C:\Program Files\Java\jdk-20\bin\VCRUNTIME140.dll
0x00007ffbdfee0000 - 0x00007ffbdff90000 	C:\Windows\System32\ADVAPI32.dll
0x00007ffbe19d0000 - 0x00007ffbe1a6e000 	C:\Windows\System32\msvcrt.dll
0x00007ffbe0810000 - 0x00007ffbe08b0000 	C:\Windows\System32\sechost.dll
0x00007ffbe06a0000 - 0x00007ffbe07c5000 	C:\Windows\System32\RPCRT4.dll
0x00007ffbdf160000 - 0x00007ffbdf187000 	C:\Windows\System32\bcrypt.dll
0x00007ffbdfd40000 - 0x00007ffbdfede000 	C:\Windows\System32\USER32.dll
0x00007ffbdf900000 - 0x00007ffbdf922000 	C:\Windows\System32\win32u.dll
0x00007ffbe0980000 - 0x00007ffbe09ab000 	C:\Windows\System32\GDI32.dll
0x00007ffbcf090000 - 0x00007ffbcf32a000 	C:\Windows\WinSxS\amd64_microsoft.windows.common-controls_6595b64144ccf1df_6.0.19041.3636_none_60b6a03d71f818d5\COMCTL32.dll
0x00007ffbdf790000 - 0x00007ffbdf8a7000 	C:\Windows\System32\gdi32full.dll
0x00007ffbdf190000 - 0x00007ffbdf22d000 	C:\Windows\System32\msvcp_win.dll
0x00007ffbd7f10000 - 0x00007ffbd7f1a000 	C:\Windows\SYSTEM32\VERSION.dll
0x00007ffbe07d0000 - 0x00007ffbe0802000 	C:\Windows\System32\IMM32.DLL
0x00007ffbd30a0000 - 0x00007ffbd30ac000 	C:\Program Files\Java\jdk-20\bin\vcruntime140_1.dll
0x00007ffbc2410000 - 0x00007ffbc249e000 	C:\Program Files\Java\jdk-20\bin\msvcp140.dll
0x00007ffbab320000 - 0x00007ffbabfb8000 	C:\Program Files\Java\jdk-20\bin\server\jvm.dll
0x00007ffbce7a0000 - 0x00007ffbce7c7000 	C:\Windows\SYSTEM32\WINMM.dll
0x00007ffbcf420000 - 0x00007ffbcf429000 	C:\Windows\SYSTEM32\WSOCK32.dll
0x00007ffbe0230000 - 0x00007ffbe029b000 	C:\Windows\System32\WS2_32.dll
0x00007ffbdd010000 - 0x00007ffbdd022000 	C:\Windows\SYSTEM32\kernel.appcore.dll
0x00007ffbce8f0000 - 0x00007ffbce8fa000 	C:\Program Files\Java\jdk-20\bin\jimage.dll
0x00007ffbcd630000 - 0x00007ffbcd814000 	C:\Windows\SYSTEM32\DBGHELP.DLL
0x00007ffbcd5f0000 - 0x00007ffbcd624000 	C:\Windows\SYSTEM32\dbgcore.DLL
0x00007ffbdf5a0000 - 0x00007ffbdf622000 	C:\Windows\System32\bcryptPrimitives.dll
0x00007ffbc2a50000 - 0x00007ffbc2a76000 	C:\Program Files\Java\jdk-20\bin\java.dll

dbghelp: loaded successfully - version: 4.0.5 - missing functions: none
symbol engine: initialized successfully - sym options: 0x614 - pdb path: .;C:\Program Files\Java\jdk-20\bin;C:\Windows\SYSTEM32;C:\Windows\WinSxS\amd64_microsoft.windows.common-controls_6595b64144ccf1df_6.0.19041.3636_none_60b6a03d71f818d5;C:\Program Files\Java\jdk-20\bin\server

VM Arguments:
jvm_args: -Dfile.encoding=UTF-8 -Dstdout.encoding=UTF-8 -Dstderr.encoding=UTF-8 -XX:+ShowCodeDetailsInExceptionMessages 
java_command: quiz.application.Login
java_class_path (initial): C:\Users\Chithra Alle\Pictures\Quiz-Application-Using-Java\build\classes
Launcher Type: SUN_STANDARD

[Global flags]
     intx CICompilerCount                          = 3                                         {product} {ergonomic}
     uint ConcGCThreads                            = 1                                         {product} {ergonomic}
     uint G1ConcRefinementThreads                  = 4                                         {product} {ergonomic}
   size_t G1HeapRegionSize                         = 1048576                                   {product} {ergonomic}
    uintx GCDrainStackTargetSize                   = 64                                        {product} {ergonomic}
   size_t InitialHeapSize                          = 67108864                                  {product} {ergonomic}
   size_t MarkStackSize                            = 4194304                                   {product} {ergonomic}
   size_t MaxHeapSize                              = 1052770304                                {product} {ergonomic}
   size_t MinHeapDeltaBytes                        = 1048576                                   {product} {ergonomic}
   size_t MinHeapSize                              = 8388608                                   {product} {ergonomic}
    uintx NonNMethodCodeHeapSize                   = 5832780                                {pd product} {ergonomic}
    uintx NonProfiledCodeHeapSize                  = 122912730                              {pd product} {ergonomic}
    uintx ProfiledCodeHeapSize                     = 122912730                              {pd product} {ergonomic}
    uintx ReservedCodeCacheSize                    = 251658240                              {pd product} {ergonomic}
     bool SegmentedCodeCache                       = true                                      {product} {ergonomic}
     bool ShowCodeDetailsInExceptionMessages       = true                                   {manageable} {command line}
   size_t SoftMaxHeapSize                          = 1052770304                             {manageable} {ergonomic}
     bool UseCompressedClassPointers               = true                           {product lp64_product} {ergonomic}
     bool UseCompressedOops                        = true                           {product lp64_product} {ergonomic}
     bool UseG1GC                                  = true                                      {product} {ergonomic}
     bool UseLargePagesIndividualAllocation        = false                                  {pd product} {ergonomic}

Logging:
Log output configuration:
 #0: stdout all=warning uptime,level,tags foldmultilines=false
 #1: stderr all=off uptime,level,tags foldmultilines=false

Environment Variables:
PATH=C:\Program Files\Common Files\Oracle\Java\javapath;C:\Windows\system32;C:\Windows;C:\Windows\System32\Wbem;C:\Windows\System32\WindowsPowerShell\v1.0\;C:\Windows\System32\OpenSSH\;C:\MinGW\bin;C:\Program Files\nodejs\;C:\Program Files\Git\cmd;C:\Users\Chithra Alle\AppData\Local\Programs\Python\Python311\Scripts\;C:\Users\Chithra Alle\AppData\Local\Programs\Python\Python311\;C:\Program Files\MySQL\MySQL Shell 8.0\bin\;C:\Users\Chithra Alle\AppData\Local\Microsoft\WindowsApps;C:\Users\Chithra Alle\AppData\Local\Programs\Microsoft VS Code\bin;C:\Users\Chithra Alle\AppData\Roaming\npm;C:\Flex Windows\gcc\bin;C:\Flex Windows\Lex\bin;C:\Flex Windows\bison\bin;C:\Users\Chithra Alle\Desktop\lex\Flex Windows\gcc\bin;C:\Users\Chithra Alle\Desktop\lex\Flex Windows\Lex\bin;C:\Users\Chithra Alle\Desktop\lex\Flex Windows\bison\bin
USERNAME=Chithra Alle
OS=Windows_NT
PROCESSOR_IDENTIFIER=Intel64 Family 6 Model 142 Stepping 9, GenuineIntel
TMP=C:\Users\CHITHR~1\AppData\Local\Temp
TEMP=C:\Users\CHITHR~1\AppData\Local\Temp




---------------  S Y S T E M  ---------------

OS:
 Windows 10 , 64 bit Build 19041 (10.0.19041.3636)
OS uptime: 2 days 15:11 hours

CPU: total 4 (initial active 4) (2 cores per cpu, 2 threads per core) family 6 model 142 stepping 9 microcode 0xb4, cx8, cmov, fxsr, ht, mmx, 3dnowpref, sse, sse2, sse3, ssse3, sse4.1, sse4.2, popcnt, lzcnt, tsc, tscinvbit, avx, avx2, aes, erms, clmul, bmi1, bmi2, adx, fma, vzeroupper, clflush, clflushopt, rdtscp, f16c

Memory: 4k page, system-wide physical 4013M (352M free)
TotalPageFile size 16301M (AvailPageFile size 68M)
current process WorkingSet (physical memory assigned to process): 10M, peak: 10M
current process commit charge ("private bytes"): 51M, peak: 115M

vm_info: Java HotSpot(TM) 64-Bit Server VM (20.0.2+9-78) for windows-amd64 JRE (20.0.2+9-78), built on 2023-06-14T10:08:48Z by "mach5one" with MS VC++ 17.1 (VS2022)

END.
